<?xml version="1.0" encoding="UTF-8"?>
<!-- Generated by org.testng.reporters.JUnitReportReporter -->
<testsuite skipped="9" hostname="MAIS-JARADAT" name="FG_RegistrationTest.RegistrationTesting" tests="12" failures="1" timestamp="16 يول 2019 08:57:36 GMT" time="418.141" errors="0">
  <testcase name="verifyEmailConfirmationFelides" time="140.728" classname="FG_RegistrationTest.RegistrationTesting"/>
  <testcase name="verifyInvalidEmail" time="0.003" classname="FG_RegistrationTest.RegistrationTesting">
    <skipped/>
  </testcase> <!-- verifyInvalidEmail -->
  <testcase name="verifyPasswordNotContainsSameCharacter4Time" time="0.004" classname="FG_RegistrationTest.RegistrationTesting">
    <skipped/>
  </testcase> <!-- verifyPasswordNotContainsSameCharacter4Time -->
  <testcase name="verifyEmptyRegistrationFields" time="0.042" classname="FG_RegistrationTest.RegistrationTesting">
    <skipped/>
  </testcase> <!-- verifyEmptyRegistrationFields -->
  <testcase name="verifyErrZipCodeRegistration" time="0.079" classname="FG_RegistrationTest.RegistrationTesting">
    <skipped/>
  </testcase> <!-- verifyErrZipCodeRegistration -->
  <testcase name="verifyEmailAddressNotRegistered" time="0.054" classname="FG_RegistrationTest.RegistrationTesting">
    <skipped/>
  </testcase> <!-- verifyEmailAddressNotRegistered -->
  <testcase name="verifyPasswordContainsAtLeast1Letter" time="139.635" classname="FG_RegistrationTest.RegistrationTesting"/>
  <testcase name="verifyPasswordContainsAtLeast1Digit" time="137.513" classname="FG_RegistrationTest.RegistrationTesting">
    <failure type="java.lang.AssertionError" message="actual:Your password must contain at least 1 digit. Please try again.,expected:Your password must contain at least  digit. Please try again., expected:&lt;Your password must contain at least 1 digit. Please try again.&gt; but was:&lt;Your password must contain at least  digit. Please try again.&gt;">
      <![CDATA[java.lang.AssertionError: actual:Your password must contain at least 1 digit. Please try again.,expected:Your password must contain at least  digit. Please try again., expected:<Your password must contain at least 1 digit. Please try again.> but was:<Your password must contain at least  digit. Please try again.>
at org.testng.AssertJUnit.assertEquals(AssertJUnit.java:101)
at FG_RegistrationTest.RegistrationTesting.testresult(RegistrationTesting.java:365)
at FG_RegistrationTest.RegistrationTesting.verifyPasswordContainsAtLeast1Digit(RegistrationTesting.java:176)
at sun.reflect.NativeMethodAccessorImpl.invoke0(Native Method)
at sun.reflect.NativeMethodAccessorImpl.invoke(Unknown Source)
at sun.reflect.DelegatingMethodAccessorImpl.invoke(Unknown Source)
at java.lang.reflect.Method.invoke(Unknown Source)
at org.testng.internal.MethodInvocationHelper.invokeMethod(MethodInvocationHelper.java:124)
at org.testng.internal.Invoker.invokeMethod(Invoker.java:583)
at org.testng.internal.Invoker.invokeTestMethod(Invoker.java:719)
at org.testng.internal.Invoker.invokeTestMethods(Invoker.java:989)
at org.testng.internal.TestMethodWorker.invokeTestMethods(TestMethodWorker.java:125)
at org.testng.internal.TestMethodWorker.run(TestMethodWorker.java:109)
at java.util.concurrent.ThreadPoolExecutor.runWorker(Unknown Source)
at java.util.concurrent.ThreadPoolExecutor$Worker.run(Unknown Source)
at java.lang.Thread.run(Unknown Source)
]]>
    </failure>
  </testcase> <!-- verifyPasswordContainsAtLeast1Digit -->
  <testcase name="verifyEmptyRegistrationInfoFields" time="0.013" classname="FG_RegistrationTest.RegistrationTesting">
    <skipped/>
  </testcase> <!-- verifyEmptyRegistrationInfoFields -->
  <testcase name="verifyPasswordConfirmationFiled" time="0.065" classname="FG_RegistrationTest.RegistrationTesting">
    <skipped/>
  </testcase> <!-- verifyPasswordConfirmationFiled -->
  <testcase name="verifyPasswordContainsAtLeast6Characters" time="0.003" classname="FG_RegistrationTest.RegistrationTesting">
    <skipped/>
  </testcase> <!-- verifyPasswordContainsAtLeast6Characters -->
  <testcase name="verifyssucsessregistration" time="0.002" classname="FG_RegistrationTest.RegistrationTesting">
    <skipped/>
  </testcase> <!-- verifyssucsessregistration -->
</testsuite> <!-- FG_RegistrationTest.RegistrationTesting -->
