<?xml version="1.0" encoding="UTF-8"?>
<!-- Generated by org.testng.reporters.JUnitReportReporter -->
<testsuite skipped="0" hostname="MAIS-JARADAT" name="FG_RegistrationTest.NewTest" tests="12" failures="1" timestamp="14 يول 2019 08:08:53 GMT" time="422.656" errors="0">
  <testcase name="verifyssucsessregistration" time="39.953" classname="FG_RegistrationTest.NewTest"/>
  <testcase name="verifyEmptyRegistrationFields" time="24.682" classname="FG_RegistrationTest.NewTest"/>
  <testcase name="verifyInvalidEmail" time="40.515" classname="FG_RegistrationTest.NewTest">
    <failure type="java.lang.AssertionError" message="expected:&lt;!!&gt; but was:&lt;Please enter Email Address in valid format.&gt;">
      <![CDATA[java.lang.AssertionError: expected:<!!> but was:<Please enter Email Address in valid format.>
at org.testng.AssertJUnit.assertEquals(AssertJUnit.java:101)
at org.testng.AssertJUnit.assertEquals(AssertJUnit.java:108)
at FG_RegistrationTest.NewTest.testresult(NewTest.java:247)
at FG_RegistrationTest.NewTest.verifyInvalidEmail(NewTest.java:115)
at sun.reflect.NativeMethodAccessorImpl.invoke0(Native Method)
at sun.reflect.NativeMethodAccessorImpl.invoke(Unknown Source)
at sun.reflect.DelegatingMethodAccessorImpl.invoke(Unknown Source)
at java.lang.reflect.Method.invoke(Unknown Source)
at org.testng.internal.MethodInvocationHelper.invokeMethod(MethodInvocationHelper.java:124)
at org.testng.internal.Invoker.invokeMethod(Invoker.java:583)
at org.testng.internal.Invoker.invokeTestMethod(Invoker.java:719)
at org.testng.internal.Invoker.invokeTestMethods(Invoker.java:989)
at org.testng.internal.TestMethodWorker.invokeTestMethods(TestMethodWorker.java:125)
at org.testng.internal.TestMethodWorker.run(TestMethodWorker.java:109)
at org.testng.TestRunner.privateRun(TestRunner.java:648)
at org.testng.TestRunner.run(TestRunner.java:505)
at org.testng.SuiteRunner.runTest(SuiteRunner.java:455)
at org.testng.SuiteRunner.runSequentially(SuiteRunner.java:450)
at org.testng.SuiteRunner.privateRun(SuiteRunner.java:415)
at org.testng.SuiteRunner.run(SuiteRunner.java:364)
at org.testng.SuiteRunnerWorker.runSuite(SuiteRunnerWorker.java:52)
at org.testng.SuiteRunnerWorker.run(SuiteRunnerWorker.java:84)
at org.testng.TestNG.runSuitesSequentially(TestNG.java:1208)
at org.testng.TestNG.runSuitesLocally(TestNG.java:1137)
at org.testng.TestNG.runSuites(TestNG.java:1049)
at org.testng.TestNG.run(TestNG.java:1017)
at org.testng.remote.AbstractRemoteTestNG.run(AbstractRemoteTestNG.java:114)
at org.testng.remote.RemoteTestNG.initAndRun(RemoteTestNG.java:251)
at org.testng.remote.RemoteTestNG.main(RemoteTestNG.java:77)
]]>
    </failure>
  </testcase> <!-- verifyInvalidEmail -->
  <testcase name="verifyEmailAddressNotRegistered" time="35.452" classname="FG_RegistrationTest.NewTest"/>
  <testcase name="verifyPasswordContainsAtLeast1Letter" time="28.224" classname="FG_RegistrationTest.NewTest"/>
  <testcase name="verifyPasswordContainsAtLeast6Characters" time="32.619" classname="FG_RegistrationTest.NewTest"/>
  <testcase name="verifyPasswordNotContainsSameCharacter4Time" time="31.959" classname="FG_RegistrationTest.NewTest"/>
  <testcase name="verifyEmailConfirmationFelides" time="22.463" classname="FG_RegistrationTest.NewTest"/>
  <testcase name="verifyPasswordConfirmationFiled" time="24.611" classname="FG_RegistrationTest.NewTest"/>
  <testcase name="verifyPasswordContainsAtLeast1Digit" time="22.942" classname="FG_RegistrationTest.NewTest"/>
  <testcase name="verifyErrZipCodeRegistration" time="79.643" classname="FG_RegistrationTest.NewTest"/>
  <testcase name="verifyEmptyRegistrationInfoFields" time="39.593" classname="FG_RegistrationTest.NewTest"/>
</testsuite> <!-- FG_RegistrationTest.NewTest -->
