<?xml version="1.0" encoding="UTF-8"?>
<!-- Generated by org.testng.reporters.JUnitReportReporter -->
<testsuite skipped="0" hostname="MAIS-JARADAT" name="FG_RegistrationTest.NewTest" tests="10" failures="0" timestamp="10 يول 2019 07:33:43 GMT" time="215.039" errors="0">
  <testcase name="verifyInvalidEmail" time="20.058" classname="FG_RegistrationTest.NewTest"/>
  <testcase name="verifyEmailConfirmationFelides" time="24.393" classname="FG_RegistrationTest.NewTest"/>
  <testcase name="verifysuccsessRegisgtration" time="31.070" classname="FG_RegistrationTest.NewTest"/>
  <testcase name="verifyEmailAddressNotRegistered" time="21.459" classname="FG_RegistrationTest.NewTest"/>
  <testcase name="verifyPasswordContainsAtLeast1Digit" time="17.604" classname="FG_RegistrationTest.NewTest"/>
  <testcase name="verifyPasswordContainsAtLeast1Letter" time="19.306" classname="FG_RegistrationTest.NewTest"/>
  <testcase name="verifyEmptyRegistrationFields" time="17.751" classname="FG_RegistrationTest.NewTest"/>
  <testcase name="verifyPasswordContainsAtLeast6Characters" time="18.219" classname="FG_RegistrationTest.NewTest"/>
  <testcase name="verifyPasswordNotContainsSameCharacter4Time" time="24.801" classname="FG_RegistrationTest.NewTest"/>
  <testcase name="verifyPasswordConfirmationFiled" time="20.378" classname="FG_RegistrationTest.NewTest"/>
</testsuite> <!-- FG_RegistrationTest.NewTest -->
