<?xml version="1.0" encoding="UTF-8"?>
<!-- Generated by org.testng.reporters.JUnitReportReporter -->
<testsuite skipped="0" hostname="MAIS-JARADAT" name="FG_RegistrationTest.NewTest" tests="1" failures="0" timestamp="11 يول 2019 14:50:32 GMT" time="68.303" errors="0">
  <testcase name="verifyssucsessregistration" time="68.303" classname="FG_RegistrationTest.NewTest"/>
</testsuite> <!-- FG_RegistrationTest.NewTest -->
