<?xml version="1.0" encoding="UTF-8"?>
<!-- Generated by org.testng.reporters.JUnitReportReporter -->
<testsuite skipped="0" hostname="MAIS-JARADAT" name="FG_RegistrationTest.NewTest" tests="10" failures="0" timestamp="11 يول 2019 07:07:21 GMT" time="521.914" errors="0">
  <testcase name="verifysuccsessRegisgtration" time="117.800" classname="FG_RegistrationTest.NewTest"/>
  <testcase name="verifyInvalidEmail" time="34.646" classname="FG_RegistrationTest.NewTest"/>
  <testcase name="verifyEmailConfirmationFelides" time="35.309" classname="FG_RegistrationTest.NewTest"/>
  <testcase name="verifyPasswordContainsAtLeast1Digit" time="34.426" classname="FG_RegistrationTest.NewTest"/>
  <testcase name="verifyPasswordContainsAtLeast1Letter" time="134.982" classname="FG_RegistrationTest.NewTest"/>
  <testcase name="verifyPasswordContainsAtLeast6Characters" time="51.413" classname="FG_RegistrationTest.NewTest"/>
  <testcase name="verifyPasswordNotContainsSameCharacter4Time" time="32.241" classname="FG_RegistrationTest.NewTest"/>
  <testcase name="verifyPasswordConfirmationFiled" time="30.485" classname="FG_RegistrationTest.NewTest"/>
  <testcase name="verifyEmailAddressNotRegistered" time="28.772" classname="FG_RegistrationTest.NewTest"/>
  <testcase name="verifyEmptyRegistrationFields" time="21.840" classname="FG_RegistrationTest.NewTest"/>
</testsuite> <!-- FG_RegistrationTest.NewTest -->
