<?xml version="1.0" encoding="UTF-8"?>
<!-- Generated by org.testng.reporters.JUnitReportReporter -->
<testsuite skipped="11" hostname="MAIS-JARADAT" name="FG_RegistrationTest.RegistrationTesting" tests="12" failures="1" timestamp="15 يول 2019 10:18:37 GMT" time="114.276" errors="0">
  <testcase name="verifyEmptyRegistrationInfoFields" time="0.010" classname="FG_RegistrationTest.RegistrationTesting">
    <skipped/>
  </testcase> <!-- verifyEmptyRegistrationInfoFields -->
  <testcase name="verifyEmptyRegistrationFields" time="0.017" classname="FG_RegistrationTest.RegistrationTesting">
    <skipped/>
  </testcase> <!-- verifyEmptyRegistrationFields -->
  <testcase name="verifyPasswordContainsAtLeast1Letter" time="0.002" classname="FG_RegistrationTest.RegistrationTesting">
    <skipped/>
  </testcase> <!-- verifyPasswordContainsAtLeast1Letter -->
  <testcase name="verifyPasswordContainsAtLeast6Characters" time="0.003" classname="FG_RegistrationTest.RegistrationTesting">
    <skipped/>
  </testcase> <!-- verifyPasswordContainsAtLeast6Characters -->
  <testcase name="verifyPasswordNotContainsSameCharacter4Time" time="0.002" classname="FG_RegistrationTest.RegistrationTesting">
    <skipped/>
  </testcase> <!-- verifyPasswordNotContainsSameCharacter4Time -->
  <testcase name="verifyInvalidEmail" time="113.966" classname="FG_RegistrationTest.RegistrationTesting">
    <failure type="java.lang.AssertionError" message="actual:Please enter Email Address in valid format.,expected:Please enter Email Address in vali format., expected:&lt;Please enter Email Address in valid format.&gt; but was:&lt;Please enter Email Address in vali format.&gt;">
      <![CDATA[java.lang.AssertionError: actual:Please enter Email Address in valid format.,expected:Please enter Email Address in vali format., expected:<Please enter Email Address in valid format.> but was:<Please enter Email Address in vali format.>
at org.testng.AssertJUnit.assertEquals(AssertJUnit.java:101)
at FG_RegistrationTest.RegistrationTesting.testresult(RegistrationTesting.java:284)
at FG_RegistrationTest.RegistrationTesting.verifyInvalidEmail(RegistrationTesting.java:129)
at sun.reflect.NativeMethodAccessorImpl.invoke0(Native Method)
at sun.reflect.NativeMethodAccessorImpl.invoke(Unknown Source)
at sun.reflect.DelegatingMethodAccessorImpl.invoke(Unknown Source)
at java.lang.reflect.Method.invoke(Unknown Source)
at org.testng.internal.MethodInvocationHelper.invokeMethod(MethodInvocationHelper.java:124)
at org.testng.internal.Invoker.invokeMethod(Invoker.java:583)
at org.testng.internal.Invoker.invokeTestMethod(Invoker.java:719)
at org.testng.internal.Invoker.invokeTestMethods(Invoker.java:989)
at org.testng.internal.TestMethodWorker.invokeTestMethods(TestMethodWorker.java:125)
at org.testng.internal.TestMethodWorker.run(TestMethodWorker.java:109)
at org.testng.TestRunner.privateRun(TestRunner.java:648)
at org.testng.TestRunner.run(TestRunner.java:505)
at org.testng.SuiteRunner.runTest(SuiteRunner.java:455)
at org.testng.SuiteRunner.runSequentially(SuiteRunner.java:450)
at org.testng.SuiteRunner.privateRun(SuiteRunner.java:415)
at org.testng.SuiteRunner.run(SuiteRunner.java:364)
at org.testng.SuiteRunnerWorker.runSuite(SuiteRunnerWorker.java:52)
at org.testng.SuiteRunnerWorker.run(SuiteRunnerWorker.java:84)
at org.testng.TestNG.runSuitesSequentially(TestNG.java:1208)
at org.testng.TestNG.runSuitesLocally(TestNG.java:1137)
at org.testng.TestNG.runSuites(TestNG.java:1049)
at org.testng.TestNG.run(TestNG.java:1017)
at org.testng.remote.AbstractRemoteTestNG.run(AbstractRemoteTestNG.java:114)
at org.testng.remote.RemoteTestNG.initAndRun(RemoteTestNG.java:251)
at org.testng.remote.RemoteTestNG.main(RemoteTestNG.java:77)
]]>
    </failure>
  </testcase> <!-- verifyInvalidEmail -->
  <testcase name="verifyEmailConfirmationFelides" time="0.013" classname="FG_RegistrationTest.RegistrationTesting">
    <skipped/>
  </testcase> <!-- verifyEmailConfirmationFelides -->
  <testcase name="verifyssucsessregistration" time="0.003" classname="FG_RegistrationTest.RegistrationTesting">
    <skipped/>
  </testcase> <!-- verifyssucsessregistration -->
  <testcase name="verifyErrZipCodeRegistration" time="0.023" classname="FG_RegistrationTest.RegistrationTesting">
    <skipped/>
  </testcase> <!-- verifyErrZipCodeRegistration -->
  <testcase name="verifyPasswordConfirmationFiled" time="0.003" classname="FG_RegistrationTest.RegistrationTesting">
    <skipped/>
  </testcase> <!-- verifyPasswordConfirmationFiled -->
  <testcase name="verifyEmailAddressNotRegistered" time="0.231" classname="FG_RegistrationTest.RegistrationTesting">
    <skipped/>
  </testcase> <!-- verifyEmailAddressNotRegistered -->
  <testcase name="verifyPasswordContainsAtLeast1Digit" time="0.003" classname="FG_RegistrationTest.RegistrationTesting">
    <skipped/>
  </testcase> <!-- verifyPasswordContainsAtLeast1Digit -->
</testsuite> <!-- FG_RegistrationTest.RegistrationTesting -->
